[debug] [2022-11-28T11:19:23.530Z] ----------------------------------------------------------------------
[debug] [2022-11-28T11:19:23.532Z] Command:       C:\Program Files\nodejs\node.exe C:\Users\ПавельевИванОлегович\IT_works\todo-list\node_modules\firebase-tools\lib\bin\firebase.js deploy --only hosting
[debug] [2022-11-28T11:19:23.533Z] CLI Version:   11.16.1
[debug] [2022-11-28T11:19:23.533Z] Platform:      win32
[debug] [2022-11-28T11:19:23.533Z] Node Version:  v19.1.0
[debug] [2022-11-28T11:19:23.533Z] Time:          Mon Nov 28 2022 14:19:23 GMT+0300 (Москва, стандартное время)
[debug] [2022-11-28T11:19:23.533Z] ----------------------------------------------------------------------
[debug] 
[debug] [2022-11-28T11:19:23.595Z] > command requires scopes: ["email","openid","https://www.googleapis.com/auth/cloudplatformprojects.readonly","https://www.googleapis.com/auth/firebase","https://www.googleapis.com/auth/cloud-platform"]
[debug] [2022-11-28T11:19:23.595Z] > authorizing via signed-in user (ilyaandreevich96@gmail.com)
[debug] [2022-11-28T11:19:23.595Z] [iam] checking project todo-list-1202f for permissions ["firebase.projects.get","firebasehosting.sites.update"]
[debug] [2022-11-28T11:19:23.597Z] >>> [apiv2][query] POST https://cloudresourcemanager.googleapis.com/v1/projects/todo-list-1202f:testIamPermissions [none]
[debug] [2022-11-28T11:19:23.598Z] >>> [apiv2][(partial)header] POST https://cloudresourcemanager.googleapis.com/v1/projects/todo-list-1202f:testIamPermissions x-goog-quota-user=projects/todo-list-1202f
[debug] [2022-11-28T11:19:23.598Z] >>> [apiv2][body] POST https://cloudresourcemanager.googleapis.com/v1/projects/todo-list-1202f:testIamPermissions {"permissions":["firebase.projects.get","firebasehosting.sites.update"]}
[debug] [2022-11-28T11:19:24.645Z] <<< [apiv2][status] POST https://cloudresourcemanager.googleapis.com/v1/projects/todo-list-1202f:testIamPermissions 200
[debug] [2022-11-28T11:19:24.645Z] <<< [apiv2][body] POST https://cloudresourcemanager.googleapis.com/v1/projects/todo-list-1202f:testIamPermissions {"permissions":["firebase.projects.get","firebasehosting.sites.update"]}
[debug] [2022-11-28T11:19:24.646Z] >>> [apiv2][query] GET https://firebase.googleapis.com/v1beta1/projects/todo-list-1202f [none]
[debug] [2022-11-28T11:19:25.077Z] <<< [apiv2][status] GET https://firebase.googleapis.com/v1beta1/projects/todo-list-1202f 200
[debug] [2022-11-28T11:19:25.077Z] <<< [apiv2][body] GET https://firebase.googleapis.com/v1beta1/projects/todo-list-1202f {"projectId":"todo-list-1202f","projectNumber":"630246634060","displayName":"todo-list","name":"projects/todo-list-1202f","resources":{"hostingSite":"todo-list-1202f","storageBucket":"todo-list-1202f.appspot.com","locationId":"europe-west"},"state":"ACTIVE","etag":"1_2ce6da94-c564-48df-919c-a3161966ca05"}
[info] 
[info] === Deploying to 'todo-list-1202f'...
[info] 
[info] i  deploying hosting 
[debug] [2022-11-28T11:19:25.082Z] >>> [apiv2][query] POST https://firebasehosting.googleapis.com/v1beta1/projects/-/sites/todo-list-1202f/versions [none]
[debug] [2022-11-28T11:19:25.082Z] >>> [apiv2][body] POST https://firebasehosting.googleapis.com/v1beta1/projects/-/sites/todo-list-1202f/versions {"status":"CREATED","labels":{"deployment-tool":"cli-firebase"}}
